<?xml version="1.0" encoding="UTF-8"?>
<!-- Generated by org.testng.reporters.JUnitXMLReporter -->
<testsuite ignored="0" hostname="DESKTOP-3E2EL0O" failures="1" tests="1" name="TestCase6" time="9.416" errors="0" timestamp="2022-06-23T10:39:00 IST">
  <testcase classname="Academy.testCase6" name="getTestCase6" time="2.68">
    <failure type="java.lang.AssertionError" message="expected [295] but found [296]">
      <![CDATA[java.lang.AssertionError: expected [295] but found [296]
at Academy.testCase6.getTestCase6(testCase6.java:79)
at java.base/java.util.ArrayList.forEach(ArrayList.java:1541)
... Removed 37 stack frames]]>
    </failure>
  </testcase> <!-- getTestCase6 -->
</testsuite> <!-- TestCase6 -->
