<?xml version="1.0" encoding="UTF-8"?>
<testng-results ignored="0" total="8" passed="7" failed="1" skipped="0">
  <reporter-output>
  </reporter-output>
  <suite started-at="2022-06-23T10:37:15 IST" name="Suite" finished-at="2022-06-23T10:39:16 IST" duration-ms="121350">
    <groups>
    </groups>
    <test started-at="2022-06-23T10:37:15 IST" name="TestCase1" finished-at="2022-06-23T10:37:25 IST" duration-ms="10005">
      <class name="Academy.testCase1">
        <test-method is-config="true" signature="getInitializeTestCase()[pri:0, instance:Academy.testCase1@239105a8]" started-at="2022-06-23T10:37:15 IST" name="getInitializeTestCase" finished-at="2022-06-23T10:37:24 IST" duration-ms="9191" status="PASS">
          <reporter-output>
          </reporter-output>
        </test-method> <!-- getInitializeTestCase -->
        <test-method signature="getTestCase1()[pri:0, instance:Academy.testCase1@239105a8]" started-at="2022-06-23T10:37:24 IST" name="getTestCase1" finished-at="2022-06-23T10:37:25 IST" duration-ms="508" status="PASS">
          <reporter-output>
          </reporter-output>
        </test-method> <!-- getTestCase1 -->
        <test-method signature="getsum()[pri:0, instance:Academy.testCase1@239105a8]" started-at="2022-06-23T10:37:25 IST" name="getsum" finished-at="2022-06-23T10:37:25 IST" duration-ms="0" status="PASS">
          <reporter-output>
          </reporter-output>
        </test-method> <!-- getsum -->
        <test-method is-config="true" signature="getTeardown()[pri:0, instance:Academy.testCase1@239105a8]" started-at="2022-06-23T10:37:25 IST" name="getTeardown" finished-at="2022-06-23T10:37:25 IST" duration-ms="125" status="PASS">
          <reporter-output>
          </reporter-output>
        </test-method> <!-- getTeardown -->
      </class> <!-- Academy.testCase1 -->
    </test> <!-- TestCase1 -->
    <test started-at="2022-06-23T10:37:26 IST" name="TestCase2" finished-at="2022-06-23T10:37:40 IST" duration-ms="13645">
      <class name="Academy.testCase2">
        <test-method is-config="true" signature="getInitializeTestCase()[pri:0, instance:Academy.testCase2@62833051]" started-at="2022-06-23T10:37:26 IST" name="getInitializeTestCase" finished-at="2022-06-23T10:37:32 IST" duration-ms="6151" status="PASS">
          <reporter-output>
          </reporter-output>
        </test-method> <!-- getInitializeTestCase -->
        <test-method signature="getTestCase2()[pri:0, instance:Academy.testCase2@62833051]" started-at="2022-06-23T10:37:32 IST" name="getTestCase2" finished-at="2022-06-23T10:37:39 IST" duration-ms="7097" status="PASS">
          <reporter-output>
          </reporter-output>
        </test-method> <!-- getTestCase2 -->
        <test-method is-config="true" signature="getTeardown()[pri:0, instance:Academy.testCase2@62833051]" started-at="2022-06-23T10:37:39 IST" name="getTeardown" finished-at="2022-06-23T10:37:40 IST" duration-ms="388" status="PASS">
          <reporter-output>
          </reporter-output>
        </test-method> <!-- getTeardown -->
      </class> <!-- Academy.testCase2 -->
    </test> <!-- TestCase2 -->
    <test started-at="2022-06-23T10:37:40 IST" name="TestCase3" finished-at="2022-06-23T10:37:49 IST" duration-ms="9084">
      <class name="Academy.testCase3">
        <test-method is-config="true" signature="getInitializeTestCase()[pri:0, instance:Academy.testCase3@24c4ddae]" started-at="2022-06-23T10:37:40 IST" name="getInitializeTestCase" finished-at="2022-06-23T10:37:46 IST" duration-ms="6385" status="PASS">
          <reporter-output>
          </reporter-output>
        </test-method> <!-- getInitializeTestCase -->
        <test-method signature="getTestCase3()[pri:0, instance:Academy.testCase3@24c4ddae]" started-at="2022-06-23T10:37:46 IST" name="getTestCase3" finished-at="2022-06-23T10:37:49 IST" duration-ms="2575" status="PASS">
          <reporter-output>
          </reporter-output>
        </test-method> <!-- getTestCase3 -->
        <test-method is-config="true" signature="getTeardown()[pri:0, instance:Academy.testCase3@24c4ddae]" started-at="2022-06-23T10:37:49 IST" name="getTeardown" finished-at="2022-06-23T10:37:49 IST" duration-ms="122" status="PASS">
          <reporter-output>
          </reporter-output>
        </test-method> <!-- getTeardown -->
      </class> <!-- Academy.testCase3 -->
    </test> <!-- TestCase3 -->
    <test started-at="2022-06-23T10:37:49 IST" name="TestCase4" finished-at="2022-06-23T10:38:37 IST" duration-ms="48269">
      <class name="Academy.testCase4">
        <test-method is-config="true" signature="getInitializeTestCase()[pri:0, instance:Academy.testCase4@766653e6]" started-at="2022-06-23T10:37:49 IST" name="getInitializeTestCase" finished-at="2022-06-23T10:37:56 IST" duration-ms="6464" status="PASS">
          <reporter-output>
          </reporter-output>
        </test-method> <!-- getInitializeTestCase -->
        <test-method signature="getTestCase4()[pri:0, instance:Academy.testCase4@766653e6]" started-at="2022-06-23T10:37:56 IST" name="getTestCase4" finished-at="2022-06-23T10:38:35 IST" duration-ms="39200" status="PASS">
          <reporter-output>
          </reporter-output>
        </test-method> <!-- getTestCase4 -->
        <test-method is-config="true" signature="getTeardown()[pri:0, instance:Academy.testCase4@766653e6]" started-at="2022-06-23T10:38:35 IST" name="getTeardown" finished-at="2022-06-23T10:38:37 IST" duration-ms="2597" status="PASS">
          <reporter-output>
          </reporter-output>
        </test-method> <!-- getTeardown -->
      </class> <!-- Academy.testCase4 -->
    </test> <!-- TestCase4 -->
    <test started-at="2022-06-23T10:38:37 IST" name="TestCase5" finished-at="2022-06-23T10:38:51 IST" duration-ms="13535">
      <class name="Academy.testCase5">
        <test-method is-config="true" signature="getInitializeTestCase()[pri:0, instance:Academy.testCase5@43599640]" started-at="2022-06-23T10:38:37 IST" name="getInitializeTestCase" finished-at="2022-06-23T10:38:48 IST" duration-ms="10326" status="PASS">
          <reporter-output>
          </reporter-output>
        </test-method> <!-- getInitializeTestCase -->
        <test-method signature="getTestCase5()[pri:0, instance:Academy.testCase5@43599640]" started-at="2022-06-23T10:38:48 IST" name="getTestCase5" finished-at="2022-06-23T10:38:50 IST" duration-ms="2492" status="PASS">
          <reporter-output>
          </reporter-output>
        </test-method> <!-- getTestCase5 -->
        <test-method is-config="true" signature="getTeardown()[pri:0, instance:Academy.testCase5@43599640]" started-at="2022-06-23T10:38:50 IST" name="getTeardown" finished-at="2022-06-23T10:38:51 IST" duration-ms="712" status="PASS">
          <reporter-output>
          </reporter-output>
        </test-method> <!-- getTeardown -->
      </class> <!-- Academy.testCase5 -->
    </test> <!-- TestCase5 -->
    <test started-at="2022-06-23T10:38:51 IST" name="TestCase6" finished-at="2022-06-23T10:39:00 IST" duration-ms="9416">
      <class name="Academy.testCase6">
        <test-method is-config="true" signature="getInitializeTestCase()[pri:0, instance:Academy.testCase6@55c53a33]" started-at="2022-06-23T10:38:51 IST" name="getInitializeTestCase" finished-at="2022-06-23T10:38:57 IST" duration-ms="6088" status="PASS">
          <reporter-output>
          </reporter-output>
        </test-method> <!-- getInitializeTestCase -->
        <test-method signature="getTestCase6()[pri:0, instance:Academy.testCase6@55c53a33]" started-at="2022-06-23T10:38:57 IST" name="getTestCase6" finished-at="2022-06-23T10:39:00 IST" duration-ms="2680" status="FAIL">
          <exception class="java.lang.AssertionError">
            <message>
              <![CDATA[expected [295] but found [296]]]>
            </message>
            <full-stacktrace>
              <![CDATA[java.lang.AssertionError: expected [295] but found [296]
at org.testng.Assert.fail(Assert.java:110)
at org.testng.Assert.failNotEquals(Assert.java:1413)
at org.testng.Assert.assertEqualsImpl(Assert.java:149)
at org.testng.Assert.assertEquals(Assert.java:131)
at org.testng.Assert.assertEquals(Assert.java:1240)
at org.testng.Assert.assertEquals(Assert.java:1274)
at Academy.testCase6.getTestCase6(testCase6.java:79)
at java.base/jdk.internal.reflect.NativeMethodAccessorImpl.invoke0(Native Method)
at java.base/jdk.internal.reflect.NativeMethodAccessorImpl.invoke(NativeMethodAccessorImpl.java:62)
at java.base/jdk.internal.reflect.DelegatingMethodAccessorImpl.invoke(DelegatingMethodAccessorImpl.java:43)
at java.base/java.lang.reflect.Method.invoke(Method.java:566)
at org.testng.internal.invokers.MethodInvocationHelper.invokeMethod(MethodInvocationHelper.java:139)
at org.testng.internal.invokers.TestInvoker.invokeMethod(TestInvoker.java:677)
at org.testng.internal.invokers.TestInvoker.invokeTestMethod(TestInvoker.java:221)
at org.testng.internal.invokers.MethodRunner.runInSequence(MethodRunner.java:50)
at org.testng.internal.invokers.TestInvoker$MethodInvocationAgent.invoke(TestInvoker.java:962)
at org.testng.internal.invokers.TestInvoker.invokeTestMethods(TestInvoker.java:194)
at org.testng.internal.invokers.TestMethodWorker.invokeTestMethods(TestMethodWorker.java:148)
at org.testng.internal.invokers.TestMethodWorker.run(TestMethodWorker.java:128)
at java.base/java.util.ArrayList.forEach(ArrayList.java:1541)
at org.testng.TestRunner.privateRun(TestRunner.java:806)
at org.testng.TestRunner.run(TestRunner.java:601)
at org.testng.SuiteRunner.runTest(SuiteRunner.java:433)
at org.testng.SuiteRunner.runSequentially(SuiteRunner.java:427)
at org.testng.SuiteRunner.privateRun(SuiteRunner.java:387)
at org.testng.SuiteRunner.run(SuiteRunner.java:330)
at org.testng.SuiteRunnerWorker.runSuite(SuiteRunnerWorker.java:52)
at org.testng.SuiteRunnerWorker.run(SuiteRunnerWorker.java:95)
at org.testng.TestNG.runSuitesSequentially(TestNG.java:1256)
at org.testng.TestNG.runSuitesLocally(TestNG.java:1176)
at org.testng.TestNG.runSuites(TestNG.java:1099)
at org.testng.TestNG.run(TestNG.java:1067)
at org.apache.maven.surefire.testng.TestNGExecutor.run(TestNGExecutor.java:324)
at org.apache.maven.surefire.testng.TestNGXmlTestSuite.execute(TestNGXmlTestSuite.java:74)
at org.apache.maven.surefire.testng.TestNGProvider.invoke(TestNGProvider.java:123)
at org.apache.maven.surefire.booter.ForkedBooter.runSuitesInProcess(ForkedBooter.java:456)
at org.apache.maven.surefire.booter.ForkedBooter.execute(ForkedBooter.java:169)
at org.apache.maven.surefire.booter.ForkedBooter.run(ForkedBooter.java:595)
at org.apache.maven.surefire.booter.ForkedBooter.main(ForkedBooter.java:581)
]]>
            </full-stacktrace>
          </exception> <!-- java.lang.AssertionError -->
          <reporter-output>
          </reporter-output>
        </test-method> <!-- getTestCase6 -->
        <test-method is-config="true" signature="getTeardown()[pri:0, instance:Academy.testCase6@55c53a33]" started-at="2022-06-23T10:39:00 IST" name="getTeardown" finished-at="2022-06-23T10:39:00 IST" duration-ms="267" status="PASS">
          <reporter-output>
          </reporter-output>
        </test-method> <!-- getTeardown -->
      </class> <!-- Academy.testCase6 -->
    </test> <!-- TestCase6 -->
    <test started-at="2022-06-23T10:39:01 IST" name="TestCase7" finished-at="2022-06-23T10:39:16 IST" duration-ms="15684">
      <class name="Academy.testCase7">
        <test-method is-config="true" signature="getInitializeTestCase()[pri:0, instance:Academy.testCase7@404bbcbd]" started-at="2022-06-23T10:39:01 IST" name="getInitializeTestCase" finished-at="2022-06-23T10:39:08 IST" duration-ms="6968" status="PASS">
          <reporter-output>
          </reporter-output>
        </test-method> <!-- getInitializeTestCase -->
        <test-method signature="getTestCase7()[pri:0, instance:Academy.testCase7@404bbcbd]" started-at="2022-06-23T10:39:08 IST" name="getTestCase7" finished-at="2022-06-23T10:39:16 IST" duration-ms="8612" status="PASS">
          <reporter-output>
          </reporter-output>
        </test-method> <!-- getTestCase7 -->
        <test-method is-config="true" signature="getTeardown()[pri:0, instance:Academy.testCase7@404bbcbd]" started-at="2022-06-23T10:39:16 IST" name="getTeardown" finished-at="2022-06-23T10:39:16 IST" duration-ms="102" status="PASS">
          <reporter-output>
          </reporter-output>
        </test-method> <!-- getTeardown -->
      </class> <!-- Academy.testCase7 -->
    </test> <!-- TestCase7 -->
  </suite> <!-- Suite -->
</testng-results>
